<?xml version="1.0" encoding="UTF-8"?>
<testsuite xmlns:xsi="http://www.w3.org/2001/XMLSchema-instance" xsi:noNamespaceSchemaLocation="https://maven.apache.org/surefire/maven-surefire-plugin/xsd/surefire-test-report.xsd" version="3.0.2" name="com.tms.tm_auth_service.controller.AuthControllerIntegrationTest" time="0.013" tests="4" errors="0" skipped="4" failures="0" flakes="0">
  <properties/>
  <testcase name="register_withInvalidUsername_returnsBadRequest" classname="com.tms.tm_auth_service.controller.AuthControllerIntegrationTest" time="0.0">
    <skipped message="class com.tms.tm_auth_service.controller.AuthControllerIntegrationTest is @Disabled"/>
  </testcase>
  <testcase name="register_withWeakPassword_returnsBadRequest" classname="com.tms.tm_auth_service.controller.AuthControllerIntegrationTest" time="0.0">
    <skipped message="class com.tms.tm_auth_service.controller.AuthControllerIntegrationTest is @Disabled"/>
  </testcase>
  <testcase name="register_withDuplicateUsername_returnsConflict" classname="com.tms.tm_auth_service.controller.AuthControllerIntegrationTest" time="0.0">
    <skipped message="class com.tms.tm_auth_service.controller.AuthControllerIntegrationTest is @Disabled"/>
  </testcase>
  <testcase name="register_withValidRequest_returnsCreated" classname="com.tms.tm_auth_service.controller.AuthControllerIntegrationTest" time="0.0">
    <skipped message="class com.tms.tm_auth_service.controller.AuthControllerIntegrationTest is @Disabled"/>
  </testcase>
</testsuite>